INFO [2022-06-15 19:42:48] [[1]]
INFO [2022-06-15 19:42:48] x3
INFO [2022-06-15 19:42:48] 
INFO [2022-06-15 19:42:48] $filename
INFO [2022-06-15 19:42:48] [1] "R_outputs/VennD.png"
INFO [2022-06-15 19:42:48] 
INFO [2022-06-15 19:42:48] $category.names
INFO [2022-06-15 19:42:48] c("YP206 vs. Axenic", "YP26 vs. Axenic", "NonAxenic vs. Axenic")
INFO [2022-06-15 19:42:48] 
INFO [2022-06-15 19:42:48] $lwd
INFO [2022-06-15 19:42:48] [1] 2
INFO [2022-06-15 19:42:48] 
INFO [2022-06-15 19:42:48] $lty
INFO [2022-06-15 19:42:48] [1] "blank"
INFO [2022-06-15 19:42:48] 
INFO [2022-06-15 19:42:48] $fill
INFO [2022-06-15 19:42:48] c("#E69F00", "#0072B2", "#009E73")
INFO [2022-06-15 19:42:48] 
INFO [2022-06-15 19:42:48] $fontfamily
INFO [2022-06-15 19:42:48] [1] "sans"
INFO [2022-06-15 19:42:48] 
INFO [2022-06-15 19:42:48] $cex
INFO [2022-06-15 19:42:48] [1] 1.6
INFO [2022-06-15 19:42:48] 
INFO [2022-06-15 19:42:48] $cat.cex
INFO [2022-06-15 19:42:48] [1] 1.4
INFO [2022-06-15 19:42:48] 
INFO [2022-06-15 19:42:48] $cat.fontface
INFO [2022-06-15 19:42:48] [1] "bold"
INFO [2022-06-15 19:42:48] 
INFO [2022-06-15 19:42:48] $cat.fontfamily
INFO [2022-06-15 19:42:48] [1] "sans"
INFO [2022-06-15 19:42:48] 
INFO [2022-06-15 19:42:48] $cat.default.pos
INFO [2022-06-15 19:42:48] [1] "outer"
INFO [2022-06-15 19:42:48] 
INFO [2022-06-15 19:42:48] $cat.dist
INFO [2022-06-15 19:42:48] c(-0.03, -0.03, -0.03)
INFO [2022-06-15 19:42:48] 
INFO [2022-06-15 19:42:48] $imagetype
INFO [2022-06-15 19:42:48] [1] "png"
INFO [2022-06-15 19:42:48] 
